Performing C SOURCE FILE Test CMAKE_HAVE_LIBC_PTHREAD failed with the following output:
Change Dir: /mnt/d/file/code/PROJECTS/snake/cmake-build-release/CMakeFiles/CMakeTmp

Run Build Command(s):/usr/bin/make cmTC_769c2/fast && /usr/bin/make -f CMakeFiles/cmTC_769c2.dir/build.make CMakeFiles/cmTC_769c2.dir/build
make[1]: Entering directory '/mnt/d/file/code/PROJECTS/snake/cmake-build-release/CMakeFiles/CMakeTmp'
Building C object CMakeFiles/cmTC_769c2.dir/src.c.o
/usr/bin/clang   -DCMAKE_HAVE_LIBC_PTHREAD   -std=gnu99 -o CMakeFiles/cmTC_769c2.dir/src.c.o   -c /mnt/d/file/code/PROJECTS/snake/cmake-build-release/CMakeFiles/CMakeTmp/src.c
Linking C executable cmTC_769c2
/usr/bin/cmake -E cmake_link_script CMakeFiles/cmTC_769c2.dir/link.txt --verbose=1
/usr/bin/clang  -DCMAKE_HAVE_LIBC_PTHREAD    CMakeFiles/cmTC_769c2.dir/src.c.o  -o cmTC_769c2 
/usr/bin/ld: CMakeFiles/cmTC_769c2.dir/src.c.o: in function `main':
src.c:(.text+0x35): undefined reference to `pthread_create'
/usr/bin/ld: src.c:(.text+0x41): undefined reference to `pthread_detach'
/usr/bin/ld: src.c:(.text+0x53): undefined reference to `pthread_join'
clang: error: linker command failed with exit code 1 (use -v to see invocation)
make[1]: *** [CMakeFiles/cmTC_769c2.dir/build.make:87: cmTC_769c2] Error 1
make[1]: Leaving directory '/mnt/d/file/code/PROJECTS/snake/cmake-build-release/CMakeFiles/CMakeTmp'
make: *** [Makefile:121: cmTC_769c2/fast] Error 2


Source file was:
#include <pthread.h>

void* test_func(void* data)
{
  return data;
}

int main(void)
{
  pthread_t thread;
  pthread_create(&thread, NULL, test_func, NULL);
  pthread_detach(thread);
  pthread_join(thread, NULL);
  pthread_atfork(NULL, NULL, NULL);
  pthread_exit(NULL);

  return 0;
}

Determining if the function pthread_create exists in the pthreads failed with the following output:
Change Dir: /mnt/d/file/code/PROJECTS/snake/cmake-build-release/CMakeFiles/CMakeTmp

Run Build Command(s):/usr/bin/make cmTC_76833/fast && /usr/bin/make -f CMakeFiles/cmTC_76833.dir/build.make CMakeFiles/cmTC_76833.dir/build
make[1]: Entering directory '/mnt/d/file/code/PROJECTS/snake/cmake-build-release/CMakeFiles/CMakeTmp'
Building C object CMakeFiles/cmTC_76833.dir/CheckFunctionExists.c.o
/usr/bin/clang   -DCHECK_FUNCTION_EXISTS=pthread_create   -std=gnu99 -o CMakeFiles/cmTC_76833.dir/CheckFunctionExists.c.o   -c /usr/share/cmake-3.16/Modules/CheckFunctionExists.c
Linking C executable cmTC_76833
/usr/bin/cmake -E cmake_link_script CMakeFiles/cmTC_76833.dir/link.txt --verbose=1
/usr/bin/clang  -DCHECK_FUNCTION_EXISTS=pthread_create    CMakeFiles/cmTC_76833.dir/CheckFunctionExists.c.o  -o cmTC_76833  -lpthreads 
/usr/bin/ld: cannot find -lpthreads
clang: error: linker command failed with exit code 1 (use -v to see invocation)
make[1]: *** [CMakeFiles/cmTC_76833.dir/build.make:87: cmTC_76833] Error 1
make[1]: Leaving directory '/mnt/d/file/code/PROJECTS/snake/cmake-build-release/CMakeFiles/CMakeTmp'
make: *** [Makefile:121: cmTC_76833/fast] Error 2



